<?xml version="1.0" encoding="UTF-8"?>
<testsuite xmlns:xsi="http://www.w3.org/2001/XMLSchema-instance" xsi:noNamespaceSchemaLocation="https://maven.apache.org/surefire/maven-surefire-plugin/xsd/surefire-test-report.xsd" name="com.scholastic.srmapi.controller.advice.ExceptionHandlerAdviceTest" time="0" tests="4" errors="0" skipped="0" failures="0">
  <properties>
    <property name="java.specification.version" value="17"/>
    <property name="sun.jnu.encoding" value="UTF-8"/>
    <property name="java.class.path" value="/Users/zentoo/Code/srm-api/target/test-classes:/Users/zentoo/Code/srm-api/target/classes:/Users/zentoo/.m2/repository/org/springframework/boot/spring-boot-starter-actuator/2.6.6/spring-boot-starter-actuator-2.6.6.jar:/Users/zentoo/.m2/repository/org/springframework/boot/spring-boot-starter/2.6.6/spring-boot-starter-2.6.6.jar:/Users/zentoo/.m2/repository/org/springframework/boot/spring-boot-starter-logging/2.6.6/spring-boot-starter-logging-2.6.6.jar:/Users/zentoo/.m2/repository/ch/qos/logback/logback-classic/1.2.11/logback-classic-1.2.11.jar:/Users/zentoo/.m2/repository/ch/qos/logback/logback-core/1.2.11/logback-core-1.2.11.jar:/Users/zentoo/.m2/repository/org/apache/logging/log4j/log4j-to-slf4j/2.17.2/log4j-to-slf4j-2.17.2.jar:/Users/zentoo/.m2/repository/org/slf4j/jul-to-slf4j/1.7.36/jul-to-slf4j-1.7.36.jar:/Users/zentoo/.m2/repository/jakarta/annotation/jakarta.annotation-api/1.3.5/jakarta.annotation-api-1.3.5.jar:/Users/zentoo/.m2/repository/org/yaml/snakeyaml/1.29/snakeyaml-1.29.jar:/Users/zentoo/.m2/repository/org/springframework/boot/spring-boot-actuator-autoconfigure/2.6.6/spring-boot-actuator-autoconfigure-2.6.6.jar:/Users/zentoo/.m2/repository/org/springframework/boot/spring-boot-actuator/2.6.6/spring-boot-actuator-2.6.6.jar:/Users/zentoo/.m2/repository/com/fasterxml/jackson/datatype/jackson-datatype-jsr310/2.13.2/jackson-datatype-jsr310-2.13.2.jar:/Users/zentoo/.m2/repository/io/micrometer/micrometer-core/1.8.4/micrometer-core-1.8.4.jar:/Users/zentoo/.m2/repository/org/hdrhistogram/HdrHistogram/2.1.12/HdrHistogram-2.1.12.jar:/Users/zentoo/.m2/repository/org/latencyutils/LatencyUtils/2.0.3/LatencyUtils-2.0.3.jar:/Users/zentoo/.m2/repository/org/springframework/boot/spring-boot-starter-data-jpa/2.6.6/spring-boot-starter-data-jpa-2.6.6.jar:/Users/zentoo/.m2/repository/org/springframework/boot/spring-boot-starter-aop/2.6.6/spring-boot-starter-aop-2.6.6.jar:/Users/zentoo/.m2/repository/org/aspectj/aspectjweaver/1.9.7/aspectjweaver-1.9.7.jar:/Users/zentoo/.m2/repository/org/springframework/boot/spring-boot-starter-jdbc/2.6.6/spring-boot-starter-jdbc-2.6.6.jar:/Users/zentoo/.m2/repository/com/zaxxer/HikariCP/4.0.3/HikariCP-4.0.3.jar:/Users/zentoo/.m2/repository/org/springframework/spring-jdbc/5.3.18/spring-jdbc-5.3.18.jar:/Users/zentoo/.m2/repository/jakarta/transaction/jakarta.transaction-api/1.3.3/jakarta.transaction-api-1.3.3.jar:/Users/zentoo/.m2/repository/jakarta/persistence/jakarta.persistence-api/2.2.3/jakarta.persistence-api-2.2.3.jar:/Users/zentoo/.m2/repository/org/hibernate/hibernate-core/5.6.7.Final/hibernate-core-5.6.7.Final.jar:/Users/zentoo/.m2/repository/org/jboss/logging/jboss-logging/3.4.3.Final/jboss-logging-3.4.3.Final.jar:/Users/zentoo/.m2/repository/net/bytebuddy/byte-buddy/1.11.22/byte-buddy-1.11.22.jar:/Users/zentoo/.m2/repository/antlr/antlr/2.7.7/antlr-2.7.7.jar:/Users/zentoo/.m2/repository/org/jboss/jandex/2.4.2.Final/jandex-2.4.2.Final.jar:/Users/zentoo/.m2/repository/com/fasterxml/classmate/1.5.1/classmate-1.5.1.jar:/Users/zentoo/.m2/repository/org/hibernate/common/hibernate-commons-annotations/5.1.2.Final/hibernate-commons-annotations-5.1.2.Final.jar:/Users/zentoo/.m2/repository/org/glassfish/jaxb/jaxb-runtime/2.3.6/jaxb-runtime-2.3.6.jar:/Users/zentoo/.m2/repository/org/glassfish/jaxb/txw2/2.3.6/txw2-2.3.6.jar:/Users/zentoo/.m2/repository/com/sun/istack/istack-commons-runtime/3.0.12/istack-commons-runtime-3.0.12.jar:/Users/zentoo/.m2/repository/com/sun/activation/jakarta.activation/1.2.2/jakarta.activation-1.2.2.jar:/Users/zentoo/.m2/repository/org/springframework/data/spring-data-jpa/2.6.3/spring-data-jpa-2.6.3.jar:/Users/zentoo/.m2/repository/org/springframework/data/spring-data-commons/2.6.3/spring-data-commons-2.6.3.jar:/Users/zentoo/.m2/repository/org/springframework/spring-orm/5.3.18/spring-orm-5.3.18.jar:/Users/zentoo/.m2/repository/org/springframework/spring-tx/5.3.18/spring-tx-5.3.18.jar:/Users/zentoo/.m2/repository/org/slf4j/slf4j-api/1.7.36/slf4j-api-1.7.36.jar:/Users/zentoo/.m2/repository/org/springframework/spring-aspects/5.3.18/spring-aspects-5.3.18.jar:/Users/zentoo/.m2/repository/org/springframework/boot/spring-boot-starter-web/2.6.6/spring-boot-starter-web-2.6.6.jar:/Users/zentoo/.m2/repository/org/springframework/boot/spring-boot-starter-json/2.6.6/spring-boot-starter-json-2.6.6.jar:/Users/zentoo/.m2/repository/com/fasterxml/jackson/datatype/jackson-datatype-jdk8/2.13.2/jackson-datatype-jdk8-2.13.2.jar:/Users/zentoo/.m2/repository/com/fasterxml/jackson/module/jackson-module-parameter-names/2.13.2/jackson-module-parameter-names-2.13.2.jar:/Users/zentoo/.m2/repository/org/springframework/boot/spring-boot-starter-tomcat/2.6.6/spring-boot-starter-tomcat-2.6.6.jar:/Users/zentoo/.m2/repository/org/apache/tomcat/embed/tomcat-embed-core/9.0.60/tomcat-embed-core-9.0.60.jar:/Users/zentoo/.m2/repository/org/apache/tomcat/embed/tomcat-embed-el/9.0.60/tomcat-embed-el-9.0.60.jar:/Users/zentoo/.m2/repository/org/apache/tomcat/embed/tomcat-embed-websocket/9.0.60/tomcat-embed-websocket-9.0.60.jar:/Users/zentoo/.m2/repository/org/springframework/spring-web/5.3.18/spring-web-5.3.18.jar:/Users/zentoo/.m2/repository/org/springframework/spring-webmvc/5.3.18/spring-webmvc-5.3.18.jar:/Users/zentoo/.m2/repository/org/springframework/boot/spring-boot-starter-webflux/2.6.6/spring-boot-starter-webflux-2.6.6.jar:/Users/zentoo/.m2/repository/org/springframework/boot/spring-boot-starter-reactor-netty/2.6.6/spring-boot-starter-reactor-netty-2.6.6.jar:/Users/zentoo/.m2/repository/io/projectreactor/netty/reactor-netty-http/1.0.17/reactor-netty-http-1.0.17.jar:/Users/zentoo/.m2/repository/io/netty/netty-codec-http/4.1.75.Final/netty-codec-http-4.1.75.Final.jar:/Users/zentoo/.m2/repository/io/netty/netty-common/4.1.75.Final/netty-common-4.1.75.Final.jar:/Users/zentoo/.m2/repository/io/netty/netty-buffer/4.1.75.Final/netty-buffer-4.1.75.Final.jar:/Users/zentoo/.m2/repository/io/netty/netty-transport/4.1.75.Final/netty-transport-4.1.75.Final.jar:/Users/zentoo/.m2/repository/io/netty/netty-codec/4.1.75.Final/netty-codec-4.1.75.Final.jar:/Users/zentoo/.m2/repository/io/netty/netty-handler/4.1.75.Final/netty-handler-4.1.75.Final.jar:/Users/zentoo/.m2/repository/io/netty/netty-codec-http2/4.1.75.Final/netty-codec-http2-4.1.75.Final.jar:/Users/zentoo/.m2/repository/io/netty/netty-resolver-dns/4.1.75.Final/netty-resolver-dns-4.1.75.Final.jar:/Users/zentoo/.m2/repository/io/netty/netty-resolver/4.1.75.Final/netty-resolver-4.1.75.Final.jar:/Users/zentoo/.m2/repository/io/netty/netty-codec-dns/4.1.75.Final/netty-codec-dns-4.1.75.Final.jar:/Users/zentoo/.m2/repository/io/netty/netty-resolver-dns-native-macos/4.1.75.Final/netty-resolver-dns-native-macos-4.1.75.Final-osx-x86_64.jar:/Users/zentoo/.m2/repository/io/netty/netty-resolver-dns-classes-macos/4.1.75.Final/netty-resolver-dns-classes-macos-4.1.75.Final.jar:/Users/zentoo/.m2/repository/io/netty/netty-transport-native-epoll/4.1.75.Final/netty-transport-native-epoll-4.1.75.Final-linux-x86_64.jar:/Users/zentoo/.m2/repository/io/netty/netty-transport-native-unix-common/4.1.75.Final/netty-transport-native-unix-common-4.1.75.Final.jar:/Users/zentoo/.m2/repository/io/netty/netty-transport-classes-epoll/4.1.75.Final/netty-transport-classes-epoll-4.1.75.Final.jar:/Users/zentoo/.m2/repository/io/projectreactor/netty/reactor-netty-core/1.0.17/reactor-netty-core-1.0.17.jar:/Users/zentoo/.m2/repository/io/netty/netty-handler-proxy/4.1.75.Final/netty-handler-proxy-4.1.75.Final.jar:/Users/zentoo/.m2/repository/io/netty/netty-codec-socks/4.1.75.Final/netty-codec-socks-4.1.75.Final.jar:/Users/zentoo/.m2/repository/org/springframework/spring-webflux/5.3.18/spring-webflux-5.3.18.jar:/Users/zentoo/.m2/repository/io/projectreactor/reactor-core/3.4.16/reactor-core-3.4.16.jar:/Users/zentoo/.m2/repository/org/reactivestreams/reactive-streams/1.0.3/reactive-streams-1.0.3.jar:/Users/zentoo/.m2/repository/org/springframework/boot/spring-boot-starter-security/2.6.6/spring-boot-starter-security-2.6.6.jar:/Users/zentoo/.m2/repository/org/springframework/spring-aop/5.3.18/spring-aop-5.3.18.jar:/Users/zentoo/.m2/repository/org/springframework/security/spring-security-config/5.6.2/spring-security-config-5.6.2.jar:/Users/zentoo/.m2/repository/org/springframework/security/spring-security-web/5.6.9/spring-security-web-5.6.9.jar:/Users/zentoo/.m2/repository/org/springframework/security/spring-security-core/5.6.2/spring-security-core-5.6.2.jar:/Users/zentoo/.m2/repository/org/springframework/security/spring-security-crypto/5.6.2/spring-security-crypto-5.6.2.jar:/Users/zentoo/.m2/repository/org/springframework/spring-core/5.3.18/spring-core-5.3.18.jar:/Users/zentoo/.m2/repository/org/springframework/spring-jcl/5.3.18/spring-jcl-5.3.18.jar:/Users/zentoo/.m2/repository/org/springframework/spring-beans/5.3.18/spring-beans-5.3.18.jar:/Users/zentoo/.m2/repository/org/springframework/spring-context/5.3.18/spring-context-5.3.18.jar:/Users/zentoo/.m2/repository/org/springframework/spring-expression/5.3.18/spring-expression-5.3.18.jar:/Users/zentoo/.m2/repository/org/flywaydb/flyway-core/8.0.5/flyway-core-8.0.5.jar:/Users/zentoo/.m2/repository/org/springframework/boot/spring-boot-devtools/2.6.6/spring-boot-devtools-2.6.6.jar:/Users/zentoo/.m2/repository/org/springframework/boot/spring-boot/2.6.6/spring-boot-2.6.6.jar:/Users/zentoo/.m2/repository/org/springframework/boot/spring-boot-autoconfigure/2.6.6/spring-boot-autoconfigure-2.6.6.jar:/Users/zentoo/.m2/repository/mysql/mysql-connector-java/8.0.28/mysql-connector-java-8.0.28.jar:/Users/zentoo/.m2/repository/org/projectlombok/lombok/1.18.22/lombok-1.18.22.jar:/Users/zentoo/.m2/repository/org/springframework/boot/spring-boot-starter-test/2.6.6/spring-boot-starter-test-2.6.6.jar:/Users/zentoo/.m2/repository/org/springframework/boot/spring-boot-test/2.6.6/spring-boot-test-2.6.6.jar:/Users/zentoo/.m2/repository/org/springframework/boot/spring-boot-test-autoconfigure/2.6.6/spring-boot-test-autoconfigure-2.6.6.jar:/Users/zentoo/.m2/repository/com/jayway/jsonpath/json-path/2.6.0/json-path-2.6.0.jar:/Users/zentoo/.m2/repository/net/minidev/json-smart/2.4.8/json-smart-2.4.8.jar:/Users/zentoo/.m2/repository/net/minidev/accessors-smart/2.4.8/accessors-smart-2.4.8.jar:/Users/zentoo/.m2/repository/org/ow2/asm/asm/9.1/asm-9.1.jar:/Users/zentoo/.m2/repository/jakarta/xml/bind/jakarta.xml.bind-api/2.3.3/jakarta.xml.bind-api-2.3.3.jar:/Users/zentoo/.m2/repository/jakarta/activation/jakarta.activation-api/1.2.2/jakarta.activation-api-1.2.2.jar:/Users/zentoo/.m2/repository/org/assertj/assertj-core/3.21.0/assertj-core-3.21.0.jar:/Users/zentoo/.m2/repository/org/hamcrest/hamcrest/2.2/hamcrest-2.2.jar:/Users/zentoo/.m2/repository/org/junit/jupiter/junit-jupiter/5.8.2/junit-jupiter-5.8.2.jar:/Users/zentoo/.m2/repository/org/junit/jupiter/junit-jupiter-api/5.8.2/junit-jupiter-api-5.8.2.jar:/Users/zentoo/.m2/repository/org/opentest4j/opentest4j/1.2.0/opentest4j-1.2.0.jar:/Users/zentoo/.m2/repository/org/junit/platform/junit-platform-commons/1.8.2/junit-platform-commons-1.8.2.jar:/Users/zentoo/.m2/repository/org/apiguardian/apiguardian-api/1.1.2/apiguardian-api-1.1.2.jar:/Users/zentoo/.m2/repository/org/junit/jupiter/junit-jupiter-params/5.8.2/junit-jupiter-params-5.8.2.jar:/Users/zentoo/.m2/repository/org/junit/jupiter/junit-jupiter-engine/5.8.2/junit-jupiter-engine-5.8.2.jar:/Users/zentoo/.m2/repository/org/junit/platform/junit-platform-engine/1.8.2/junit-platform-engine-1.8.2.jar:/Users/zentoo/.m2/repository/org/mockito/mockito-core/4.0.0/mockito-core-4.0.0.jar:/Users/zentoo/.m2/repository/net/bytebuddy/byte-buddy-agent/1.11.22/byte-buddy-agent-1.11.22.jar:/Users/zentoo/.m2/repository/org/objenesis/objenesis/3.2/objenesis-3.2.jar:/Users/zentoo/.m2/repository/org/mockito/mockito-junit-jupiter/4.0.0/mockito-junit-jupiter-4.0.0.jar:/Users/zentoo/.m2/repository/org/skyscreamer/jsonassert/1.5.0/jsonassert-1.5.0.jar:/Users/zentoo/.m2/repository/com/vaadin/external/google/android-json/0.0.20131108.vaadin1/android-json-0.0.20131108.vaadin1.jar:/Users/zentoo/.m2/repository/org/springframework/spring-test/5.3.18/spring-test-5.3.18.jar:/Users/zentoo/.m2/repository/org/xmlunit/xmlunit-core/2.8.4/xmlunit-core-2.8.4.jar:/Users/zentoo/.m2/repository/io/github/benas/jpopulator/1.2.0/jpopulator-1.2.0.jar:/Users/zentoo/.m2/repository/commons-beanutils/commons-beanutils/1.9.2/commons-beanutils-1.9.2.jar:/Users/zentoo/.m2/repository/commons-logging/commons-logging/1.1.1/commons-logging-1.1.1.jar:/Users/zentoo/.m2/repository/commons-collections/commons-collections/3.2.1/commons-collections-3.2.1.jar:/Users/zentoo/.m2/repository/org/apache/commons/commons-lang3/3.12.0/commons-lang3-3.12.0.jar:/Users/zentoo/.m2/repository/org/apache/commons/commons-math3/3.3/commons-math3-3.3.jar:/Users/zentoo/.m2/repository/javax/validation/validation-api/2.0.1.Final/validation-api-2.0.1.Final.jar:/Users/zentoo/.m2/repository/joda-time/joda-time/2.6/joda-time-2.6.jar:/Users/zentoo/.m2/repository/com/squareup/okhttp3/okhttp/4.0.1/okhttp-4.0.1.jar:/Users/zentoo/.m2/repository/com/squareup/okio/okio/2.2.2/okio-2.2.2.jar:/Users/zentoo/.m2/repository/org/jetbrains/kotlin/kotlin-stdlib/1.6.10/kotlin-stdlib-1.6.10.jar:/Users/zentoo/.m2/repository/org/jetbrains/annotations/13.0/annotations-13.0.jar:/Users/zentoo/.m2/repository/org/jetbrains/kotlin/kotlin-stdlib-common/1.6.10/kotlin-stdlib-common-1.6.10.jar:/Users/zentoo/.m2/repository/com/squareup/okhttp3/mockwebserver/4.0.1/mockwebserver-4.0.1.jar:/Users/zentoo/.m2/repository/junit/junit/4.13.2/junit-4.13.2.jar:/Users/zentoo/.m2/repository/org/hamcrest/hamcrest-core/2.2/hamcrest-core-2.2.jar:/Users/zentoo/.m2/repository/org/mockito/mockito-inline/4.9.0/mockito-inline-4.9.0.jar:/Users/zentoo/.m2/repository/com/scholastic/srm-algorithm/srm-algorithm-api/1.0.0/srm-algorithm-api-1.0.0.jar:/Users/zentoo/.m2/repository/com/fasterxml/jackson/core/jackson-core/2.13.2/jackson-core-2.13.2.jar:/Users/zentoo/.m2/repository/com/fasterxml/jackson/core/jackson-databind/2.13.2.2/jackson-databind-2.13.2.2.jar:/Users/zentoo/.m2/repository/com/fasterxml/jackson/core/jackson-annotations/2.13.2/jackson-annotations-2.13.2.jar:/Users/zentoo/.m2/repository/com/scholastic/srm-algorithm/srm-algorithm-impl/1.0.0/srm-algorithm-impl-1.0.0.jar:/Users/zentoo/.m2/repository/org/slf4j/slf4j-jdk14/1.7.36/slf4j-jdk14-1.7.36.jar:/Users/zentoo/.m2/repository/org/springframework/spring-context-support/5.3.18/spring-context-support-5.3.18.jar:/Users/zentoo/.m2/repository/org/apache/commons/commons-csv/1.3/commons-csv-1.3.jar:/Users/zentoo/.m2/repository/org/apache/poi/poi/5.2.0/poi-5.2.0.jar:/Users/zentoo/.m2/repository/commons-codec/commons-codec/1.15/commons-codec-1.15.jar:/Users/zentoo/.m2/repository/org/apache/commons/commons-collections4/4.4/commons-collections4-4.4.jar:/Users/zentoo/.m2/repository/commons-io/commons-io/2.11.0/commons-io-2.11.0.jar:/Users/zentoo/.m2/repository/com/zaxxer/SparseBitSet/1.2/SparseBitSet-1.2.jar:/Users/zentoo/.m2/repository/org/apache/logging/log4j/log4j-api/2.17.2/log4j-api-2.17.2.jar:/Users/zentoo/.m2/repository/org/apache/poi/poi-ooxml/5.2.0/poi-ooxml-5.2.0.jar:/Users/zentoo/.m2/repository/org/apache/poi/poi-ooxml-lite/5.2.0/poi-ooxml-lite-5.2.0.jar:/Users/zentoo/.m2/repository/org/apache/xmlbeans/xmlbeans/5.0.3/xmlbeans-5.0.3.jar:/Users/zentoo/.m2/repository/org/apache/commons/commons-compress/1.21/commons-compress-1.21.jar:/Users/zentoo/.m2/repository/com/github/virtuald/curvesapi/1.06/curvesapi-1.06.jar:/Users/zentoo/.m2/repository/io/jsonwebtoken/jjwt-api/0.11.5/jjwt-api-0.11.5.jar:/Users/zentoo/.m2/repository/io/jsonwebtoken/jjwt-impl/0.11.5/jjwt-impl-0.11.5.jar:/Users/zentoo/.m2/repository/io/jsonwebtoken/jjwt-jackson/0.11.5/jjwt-jackson-0.11.5.jar:"/>
    <property name="java.vm.vendor" value="Eclipse Adoptium"/>
    <property name="sun.arch.data.model" value="64"/>
    <property name="java.vendor.url" value="https://adoptium.net/"/>
    <property name="os.name" value="Mac OS X"/>
    <property name="java.vm.specification.version" value="17"/>
    <property name="sun.java.launcher" value="SUN_STANDARD"/>
    <property name="user.country" value="US"/>
    <property name="sun.boot.library.path" value="/Applications/SpringToolSuite4.app/Contents/Eclipse/plugins/org.eclipse.justj.openjdk.hotspot.jre.full.macosx.aarch64_17.0.4.v20221004-1257/jre/lib"/>
    <property name="sun.java.command" value="/Users/zentoo/Code/srm-api/target/surefire/surefirebooter7209515343356499902.jar /Users/zentoo/Code/srm-api/target/surefire 2023-01-25T12-32-51_293-jvmRun1 surefire422370631117896450tmp surefire_015148371271832395232tmp"/>
    <property name="http.nonProxyHosts" value="local|*.local|169.254/16|*.169.254/16"/>
    <property name="jdk.debug" value="release"/>
    <property name="surefire.test.class.path" value="/Users/zentoo/Code/srm-api/target/test-classes:/Users/zentoo/Code/srm-api/target/classes:/Users/zentoo/.m2/repository/org/springframework/boot/spring-boot-starter-actuator/2.6.6/spring-boot-starter-actuator-2.6.6.jar:/Users/zentoo/.m2/repository/org/springframework/boot/spring-boot-starter/2.6.6/spring-boot-starter-2.6.6.jar:/Users/zentoo/.m2/repository/org/springframework/boot/spring-boot-starter-logging/2.6.6/spring-boot-starter-logging-2.6.6.jar:/Users/zentoo/.m2/repository/ch/qos/logback/logback-classic/1.2.11/logback-classic-1.2.11.jar:/Users/zentoo/.m2/repository/ch/qos/logback/logback-core/1.2.11/logback-core-1.2.11.jar:/Users/zentoo/.m2/repository/org/apache/logging/log4j/log4j-to-slf4j/2.17.2/log4j-to-slf4j-2.17.2.jar:/Users/zentoo/.m2/repository/org/slf4j/jul-to-slf4j/1.7.36/jul-to-slf4j-1.7.36.jar:/Users/zentoo/.m2/repository/jakarta/annotation/jakarta.annotation-api/1.3.5/jakarta.annotation-api-1.3.5.jar:/Users/zentoo/.m2/repository/org/yaml/snakeyaml/1.29/snakeyaml-1.29.jar:/Users/zentoo/.m2/repository/org/springframework/boot/spring-boot-actuator-autoconfigure/2.6.6/spring-boot-actuator-autoconfigure-2.6.6.jar:/Users/zentoo/.m2/repository/org/springframework/boot/spring-boot-actuator/2.6.6/spring-boot-actuator-2.6.6.jar:/Users/zentoo/.m2/repository/com/fasterxml/jackson/datatype/jackson-datatype-jsr310/2.13.2/jackson-datatype-jsr310-2.13.2.jar:/Users/zentoo/.m2/repository/io/micrometer/micrometer-core/1.8.4/micrometer-core-1.8.4.jar:/Users/zentoo/.m2/repository/org/hdrhistogram/HdrHistogram/2.1.12/HdrHistogram-2.1.12.jar:/Users/zentoo/.m2/repository/org/latencyutils/LatencyUtils/2.0.3/LatencyUtils-2.0.3.jar:/Users/zentoo/.m2/repository/org/springframework/boot/spring-boot-starter-data-jpa/2.6.6/spring-boot-starter-data-jpa-2.6.6.jar:/Users/zentoo/.m2/repository/org/springframework/boot/spring-boot-starter-aop/2.6.6/spring-boot-starter-aop-2.6.6.jar:/Users/zentoo/.m2/repository/org/aspectj/aspectjweaver/1.9.7/aspectjweaver-1.9.7.jar:/Users/zentoo/.m2/repository/org/springframework/boot/spring-boot-starter-jdbc/2.6.6/spring-boot-starter-jdbc-2.6.6.jar:/Users/zentoo/.m2/repository/com/zaxxer/HikariCP/4.0.3/HikariCP-4.0.3.jar:/Users/zentoo/.m2/repository/org/springframework/spring-jdbc/5.3.18/spring-jdbc-5.3.18.jar:/Users/zentoo/.m2/repository/jakarta/transaction/jakarta.transaction-api/1.3.3/jakarta.transaction-api-1.3.3.jar:/Users/zentoo/.m2/repository/jakarta/persistence/jakarta.persistence-api/2.2.3/jakarta.persistence-api-2.2.3.jar:/Users/zentoo/.m2/repository/org/hibernate/hibernate-core/5.6.7.Final/hibernate-core-5.6.7.Final.jar:/Users/zentoo/.m2/repository/org/jboss/logging/jboss-logging/3.4.3.Final/jboss-logging-3.4.3.Final.jar:/Users/zentoo/.m2/repository/net/bytebuddy/byte-buddy/1.11.22/byte-buddy-1.11.22.jar:/Users/zentoo/.m2/repository/antlr/antlr/2.7.7/antlr-2.7.7.jar:/Users/zentoo/.m2/repository/org/jboss/jandex/2.4.2.Final/jandex-2.4.2.Final.jar:/Users/zentoo/.m2/repository/com/fasterxml/classmate/1.5.1/classmate-1.5.1.jar:/Users/zentoo/.m2/repository/org/hibernate/common/hibernate-commons-annotations/5.1.2.Final/hibernate-commons-annotations-5.1.2.Final.jar:/Users/zentoo/.m2/repository/org/glassfish/jaxb/jaxb-runtime/2.3.6/jaxb-runtime-2.3.6.jar:/Users/zentoo/.m2/repository/org/glassfish/jaxb/txw2/2.3.6/txw2-2.3.6.jar:/Users/zentoo/.m2/repository/com/sun/istack/istack-commons-runtime/3.0.12/istack-commons-runtime-3.0.12.jar:/Users/zentoo/.m2/repository/com/sun/activation/jakarta.activation/1.2.2/jakarta.activation-1.2.2.jar:/Users/zentoo/.m2/repository/org/springframework/data/spring-data-jpa/2.6.3/spring-data-jpa-2.6.3.jar:/Users/zentoo/.m2/repository/org/springframework/data/spring-data-commons/2.6.3/spring-data-commons-2.6.3.jar:/Users/zentoo/.m2/repository/org/springframework/spring-orm/5.3.18/spring-orm-5.3.18.jar:/Users/zentoo/.m2/repository/org/springframework/spring-tx/5.3.18/spring-tx-5.3.18.jar:/Users/zentoo/.m2/repository/org/slf4j/slf4j-api/1.7.36/slf4j-api-1.7.36.jar:/Users/zentoo/.m2/repository/org/springframework/spring-aspects/5.3.18/spring-aspects-5.3.18.jar:/Users/zentoo/.m2/repository/org/springframework/boot/spring-boot-starter-web/2.6.6/spring-boot-starter-web-2.6.6.jar:/Users/zentoo/.m2/repository/org/springframework/boot/spring-boot-starter-json/2.6.6/spring-boot-starter-json-2.6.6.jar:/Users/zentoo/.m2/repository/com/fasterxml/jackson/datatype/jackson-datatype-jdk8/2.13.2/jackson-datatype-jdk8-2.13.2.jar:/Users/zentoo/.m2/repository/com/fasterxml/jackson/module/jackson-module-parameter-names/2.13.2/jackson-module-parameter-names-2.13.2.jar:/Users/zentoo/.m2/repository/org/springframework/boot/spring-boot-starter-tomcat/2.6.6/spring-boot-starter-tomcat-2.6.6.jar:/Users/zentoo/.m2/repository/org/apache/tomcat/embed/tomcat-embed-core/9.0.60/tomcat-embed-core-9.0.60.jar:/Users/zentoo/.m2/repository/org/apache/tomcat/embed/tomcat-embed-el/9.0.60/tomcat-embed-el-9.0.60.jar:/Users/zentoo/.m2/repository/org/apache/tomcat/embed/tomcat-embed-websocket/9.0.60/tomcat-embed-websocket-9.0.60.jar:/Users/zentoo/.m2/repository/org/springframework/spring-web/5.3.18/spring-web-5.3.18.jar:/Users/zentoo/.m2/repository/org/springframework/spring-webmvc/5.3.18/spring-webmvc-5.3.18.jar:/Users/zentoo/.m2/repository/org/springframework/boot/spring-boot-starter-webflux/2.6.6/spring-boot-starter-webflux-2.6.6.jar:/Users/zentoo/.m2/repository/org/springframework/boot/spring-boot-starter-reactor-netty/2.6.6/spring-boot-starter-reactor-netty-2.6.6.jar:/Users/zentoo/.m2/repository/io/projectreactor/netty/reactor-netty-http/1.0.17/reactor-netty-http-1.0.17.jar:/Users/zentoo/.m2/repository/io/netty/netty-codec-http/4.1.75.Final/netty-codec-http-4.1.75.Final.jar:/Users/zentoo/.m2/repository/io/netty/netty-common/4.1.75.Final/netty-common-4.1.75.Final.jar:/Users/zentoo/.m2/repository/io/netty/netty-buffer/4.1.75.Final/netty-buffer-4.1.75.Final.jar:/Users/zentoo/.m2/repository/io/netty/netty-transport/4.1.75.Final/netty-transport-4.1.75.Final.jar:/Users/zentoo/.m2/repository/io/netty/netty-codec/4.1.75.Final/netty-codec-4.1.75.Final.jar:/Users/zentoo/.m2/repository/io/netty/netty-handler/4.1.75.Final/netty-handler-4.1.75.Final.jar:/Users/zentoo/.m2/repository/io/netty/netty-codec-http2/4.1.75.Final/netty-codec-http2-4.1.75.Final.jar:/Users/zentoo/.m2/repository/io/netty/netty-resolver-dns/4.1.75.Final/netty-resolver-dns-4.1.75.Final.jar:/Users/zentoo/.m2/repository/io/netty/netty-resolver/4.1.75.Final/netty-resolver-4.1.75.Final.jar:/Users/zentoo/.m2/repository/io/netty/netty-codec-dns/4.1.75.Final/netty-codec-dns-4.1.75.Final.jar:/Users/zentoo/.m2/repository/io/netty/netty-resolver-dns-native-macos/4.1.75.Final/netty-resolver-dns-native-macos-4.1.75.Final-osx-x86_64.jar:/Users/zentoo/.m2/repository/io/netty/netty-resolver-dns-classes-macos/4.1.75.Final/netty-resolver-dns-classes-macos-4.1.75.Final.jar:/Users/zentoo/.m2/repository/io/netty/netty-transport-native-epoll/4.1.75.Final/netty-transport-native-epoll-4.1.75.Final-linux-x86_64.jar:/Users/zentoo/.m2/repository/io/netty/netty-transport-native-unix-common/4.1.75.Final/netty-transport-native-unix-common-4.1.75.Final.jar:/Users/zentoo/.m2/repository/io/netty/netty-transport-classes-epoll/4.1.75.Final/netty-transport-classes-epoll-4.1.75.Final.jar:/Users/zentoo/.m2/repository/io/projectreactor/netty/reactor-netty-core/1.0.17/reactor-netty-core-1.0.17.jar:/Users/zentoo/.m2/repository/io/netty/netty-handler-proxy/4.1.75.Final/netty-handler-proxy-4.1.75.Final.jar:/Users/zentoo/.m2/repository/io/netty/netty-codec-socks/4.1.75.Final/netty-codec-socks-4.1.75.Final.jar:/Users/zentoo/.m2/repository/org/springframework/spring-webflux/5.3.18/spring-webflux-5.3.18.jar:/Users/zentoo/.m2/repository/io/projectreactor/reactor-core/3.4.16/reactor-core-3.4.16.jar:/Users/zentoo/.m2/repository/org/reactivestreams/reactive-streams/1.0.3/reactive-streams-1.0.3.jar:/Users/zentoo/.m2/repository/org/springframework/boot/spring-boot-starter-security/2.6.6/spring-boot-starter-security-2.6.6.jar:/Users/zentoo/.m2/repository/org/springframework/spring-aop/5.3.18/spring-aop-5.3.18.jar:/Users/zentoo/.m2/repository/org/springframework/security/spring-security-config/5.6.2/spring-security-config-5.6.2.jar:/Users/zentoo/.m2/repository/org/springframework/security/spring-security-web/5.6.9/spring-security-web-5.6.9.jar:/Users/zentoo/.m2/repository/org/springframework/security/spring-security-core/5.6.2/spring-security-core-5.6.2.jar:/Users/zentoo/.m2/repository/org/springframework/security/spring-security-crypto/5.6.2/spring-security-crypto-5.6.2.jar:/Users/zentoo/.m2/repository/org/springframework/spring-core/5.3.18/spring-core-5.3.18.jar:/Users/zentoo/.m2/repository/org/springframework/spring-jcl/5.3.18/spring-jcl-5.3.18.jar:/Users/zentoo/.m2/repository/org/springframework/spring-beans/5.3.18/spring-beans-5.3.18.jar:/Users/zentoo/.m2/repository/org/springframework/spring-context/5.3.18/spring-context-5.3.18.jar:/Users/zentoo/.m2/repository/org/springframework/spring-expression/5.3.18/spring-expression-5.3.18.jar:/Users/zentoo/.m2/repository/org/flywaydb/flyway-core/8.0.5/flyway-core-8.0.5.jar:/Users/zentoo/.m2/repository/org/springframework/boot/spring-boot-devtools/2.6.6/spring-boot-devtools-2.6.6.jar:/Users/zentoo/.m2/repository/org/springframework/boot/spring-boot/2.6.6/spring-boot-2.6.6.jar:/Users/zentoo/.m2/repository/org/springframework/boot/spring-boot-autoconfigure/2.6.6/spring-boot-autoconfigure-2.6.6.jar:/Users/zentoo/.m2/repository/mysql/mysql-connector-java/8.0.28/mysql-connector-java-8.0.28.jar:/Users/zentoo/.m2/repository/org/projectlombok/lombok/1.18.22/lombok-1.18.22.jar:/Users/zentoo/.m2/repository/org/springframework/boot/spring-boot-starter-test/2.6.6/spring-boot-starter-test-2.6.6.jar:/Users/zentoo/.m2/repository/org/springframework/boot/spring-boot-test/2.6.6/spring-boot-test-2.6.6.jar:/Users/zentoo/.m2/repository/org/springframework/boot/spring-boot-test-autoconfigure/2.6.6/spring-boot-test-autoconfigure-2.6.6.jar:/Users/zentoo/.m2/repository/com/jayway/jsonpath/json-path/2.6.0/json-path-2.6.0.jar:/Users/zentoo/.m2/repository/net/minidev/json-smart/2.4.8/json-smart-2.4.8.jar:/Users/zentoo/.m2/repository/net/minidev/accessors-smart/2.4.8/accessors-smart-2.4.8.jar:/Users/zentoo/.m2/repository/org/ow2/asm/asm/9.1/asm-9.1.jar:/Users/zentoo/.m2/repository/jakarta/xml/bind/jakarta.xml.bind-api/2.3.3/jakarta.xml.bind-api-2.3.3.jar:/Users/zentoo/.m2/repository/jakarta/activation/jakarta.activation-api/1.2.2/jakarta.activation-api-1.2.2.jar:/Users/zentoo/.m2/repository/org/assertj/assertj-core/3.21.0/assertj-core-3.21.0.jar:/Users/zentoo/.m2/repository/org/hamcrest/hamcrest/2.2/hamcrest-2.2.jar:/Users/zentoo/.m2/repository/org/junit/jupiter/junit-jupiter/5.8.2/junit-jupiter-5.8.2.jar:/Users/zentoo/.m2/repository/org/junit/jupiter/junit-jupiter-api/5.8.2/junit-jupiter-api-5.8.2.jar:/Users/zentoo/.m2/repository/org/opentest4j/opentest4j/1.2.0/opentest4j-1.2.0.jar:/Users/zentoo/.m2/repository/org/junit/platform/junit-platform-commons/1.8.2/junit-platform-commons-1.8.2.jar:/Users/zentoo/.m2/repository/org/apiguardian/apiguardian-api/1.1.2/apiguardian-api-1.1.2.jar:/Users/zentoo/.m2/repository/org/junit/jupiter/junit-jupiter-params/5.8.2/junit-jupiter-params-5.8.2.jar:/Users/zentoo/.m2/repository/org/junit/jupiter/junit-jupiter-engine/5.8.2/junit-jupiter-engine-5.8.2.jar:/Users/zentoo/.m2/repository/org/junit/platform/junit-platform-engine/1.8.2/junit-platform-engine-1.8.2.jar:/Users/zentoo/.m2/repository/org/mockito/mockito-core/4.0.0/mockito-core-4.0.0.jar:/Users/zentoo/.m2/repository/net/bytebuddy/byte-buddy-agent/1.11.22/byte-buddy-agent-1.11.22.jar:/Users/zentoo/.m2/repository/org/objenesis/objenesis/3.2/objenesis-3.2.jar:/Users/zentoo/.m2/repository/org/mockito/mockito-junit-jupiter/4.0.0/mockito-junit-jupiter-4.0.0.jar:/Users/zentoo/.m2/repository/org/skyscreamer/jsonassert/1.5.0/jsonassert-1.5.0.jar:/Users/zentoo/.m2/repository/com/vaadin/external/google/android-json/0.0.20131108.vaadin1/android-json-0.0.20131108.vaadin1.jar:/Users/zentoo/.m2/repository/org/springframework/spring-test/5.3.18/spring-test-5.3.18.jar:/Users/zentoo/.m2/repository/org/xmlunit/xmlunit-core/2.8.4/xmlunit-core-2.8.4.jar:/Users/zentoo/.m2/repository/io/github/benas/jpopulator/1.2.0/jpopulator-1.2.0.jar:/Users/zentoo/.m2/repository/commons-beanutils/commons-beanutils/1.9.2/commons-beanutils-1.9.2.jar:/Users/zentoo/.m2/repository/commons-logging/commons-logging/1.1.1/commons-logging-1.1.1.jar:/Users/zentoo/.m2/repository/commons-collections/commons-collections/3.2.1/commons-collections-3.2.1.jar:/Users/zentoo/.m2/repository/org/apache/commons/commons-lang3/3.12.0/commons-lang3-3.12.0.jar:/Users/zentoo/.m2/repository/org/apache/commons/commons-math3/3.3/commons-math3-3.3.jar:/Users/zentoo/.m2/repository/javax/validation/validation-api/2.0.1.Final/validation-api-2.0.1.Final.jar:/Users/zentoo/.m2/repository/joda-time/joda-time/2.6/joda-time-2.6.jar:/Users/zentoo/.m2/repository/com/squareup/okhttp3/okhttp/4.0.1/okhttp-4.0.1.jar:/Users/zentoo/.m2/repository/com/squareup/okio/okio/2.2.2/okio-2.2.2.jar:/Users/zentoo/.m2/repository/org/jetbrains/kotlin/kotlin-stdlib/1.6.10/kotlin-stdlib-1.6.10.jar:/Users/zentoo/.m2/repository/org/jetbrains/annotations/13.0/annotations-13.0.jar:/Users/zentoo/.m2/repository/org/jetbrains/kotlin/kotlin-stdlib-common/1.6.10/kotlin-stdlib-common-1.6.10.jar:/Users/zentoo/.m2/repository/com/squareup/okhttp3/mockwebserver/4.0.1/mockwebserver-4.0.1.jar:/Users/zentoo/.m2/repository/junit/junit/4.13.2/junit-4.13.2.jar:/Users/zentoo/.m2/repository/org/hamcrest/hamcrest-core/2.2/hamcrest-core-2.2.jar:/Users/zentoo/.m2/repository/org/mockito/mockito-inline/4.9.0/mockito-inline-4.9.0.jar:/Users/zentoo/.m2/repository/com/scholastic/srm-algorithm/srm-algorithm-api/1.0.0/srm-algorithm-api-1.0.0.jar:/Users/zentoo/.m2/repository/com/fasterxml/jackson/core/jackson-core/2.13.2/jackson-core-2.13.2.jar:/Users/zentoo/.m2/repository/com/fasterxml/jackson/core/jackson-databind/2.13.2.2/jackson-databind-2.13.2.2.jar:/Users/zentoo/.m2/repository/com/fasterxml/jackson/core/jackson-annotations/2.13.2/jackson-annotations-2.13.2.jar:/Users/zentoo/.m2/repository/com/scholastic/srm-algorithm/srm-algorithm-impl/1.0.0/srm-algorithm-impl-1.0.0.jar:/Users/zentoo/.m2/repository/org/slf4j/slf4j-jdk14/1.7.36/slf4j-jdk14-1.7.36.jar:/Users/zentoo/.m2/repository/org/springframework/spring-context-support/5.3.18/spring-context-support-5.3.18.jar:/Users/zentoo/.m2/repository/org/apache/commons/commons-csv/1.3/commons-csv-1.3.jar:/Users/zentoo/.m2/repository/org/apache/poi/poi/5.2.0/poi-5.2.0.jar:/Users/zentoo/.m2/repository/commons-codec/commons-codec/1.15/commons-codec-1.15.jar:/Users/zentoo/.m2/repository/org/apache/commons/commons-collections4/4.4/commons-collections4-4.4.jar:/Users/zentoo/.m2/repository/commons-io/commons-io/2.11.0/commons-io-2.11.0.jar:/Users/zentoo/.m2/repository/com/zaxxer/SparseBitSet/1.2/SparseBitSet-1.2.jar:/Users/zentoo/.m2/repository/org/apache/logging/log4j/log4j-api/2.17.2/log4j-api-2.17.2.jar:/Users/zentoo/.m2/repository/org/apache/poi/poi-ooxml/5.2.0/poi-ooxml-5.2.0.jar:/Users/zentoo/.m2/repository/org/apache/poi/poi-ooxml-lite/5.2.0/poi-ooxml-lite-5.2.0.jar:/Users/zentoo/.m2/repository/org/apache/xmlbeans/xmlbeans/5.0.3/xmlbeans-5.0.3.jar:/Users/zentoo/.m2/repository/org/apache/commons/commons-compress/1.21/commons-compress-1.21.jar:/Users/zentoo/.m2/repository/com/github/virtuald/curvesapi/1.06/curvesapi-1.06.jar:/Users/zentoo/.m2/repository/io/jsonwebtoken/jjwt-api/0.11.5/jjwt-api-0.11.5.jar:/Users/zentoo/.m2/repository/io/jsonwebtoken/jjwt-impl/0.11.5/jjwt-impl-0.11.5.jar:/Users/zentoo/.m2/repository/io/jsonwebtoken/jjwt-jackson/0.11.5/jjwt-jackson-0.11.5.jar:"/>
    <property name="sun.cpu.endian" value="little"/>
    <property name="user.home" value="/Users/zentoo"/>
    <property name="user.language" value="en"/>
    <property name="java.specification.vendor" value="Oracle Corporation"/>
    <property name="java.version.date" value="2022-08-12"/>
    <property name="java.home" value="/Applications/SpringToolSuite4.app/Contents/Eclipse/plugins/org.eclipse.justj.openjdk.hotspot.jre.full.macosx.aarch64_17.0.4.v20221004-1257/jre"/>
    <property name="file.separator" value="/"/>
    <property name="style.color" value="always"/>
    <property name="basedir" value="/Users/zentoo/Code/srm-api"/>
    <property name="java.vm.compressedOopsMode" value="Zero based"/>
    <property name="line.separator" value="&#10;"/>
    <property name="java.vm.specification.vendor" value="Oracle Corporation"/>
    <property name="java.specification.name" value="Java Platform API Specification"/>
    <property name="surefire.real.class.path" value="/Users/zentoo/Code/srm-api/target/surefire/surefirebooter7209515343356499902.jar"/>
    <property name="sun.management.compiler" value="HotSpot 64-Bit Tiered Compilers"/>
    <property name="ftp.nonProxyHosts" value="local|*.local|169.254/16|*.169.254/16"/>
    <property name="java.runtime.version" value="17.0.4.1+1"/>
    <property name="user.name" value="zentoo"/>
    <property name="path.separator" value=":"/>
    <property name="os.version" value="11.1"/>
    <property name="java.runtime.name" value="OpenJDK Runtime Environment"/>
    <property name="file.encoding" value="UTF-8"/>
    <property name="java.vm.name" value="OpenJDK 64-Bit Server VM"/>
    <property name="java.vendor.version" value="Temurin-17.0.4.1+1"/>
    <property name="localRepository" value="/Users/zentoo/.m2/repository"/>
    <property name="java.vendor.url.bug" value="https://github.com/adoptium/adoptium-support/issues"/>
    <property name="java.io.tmpdir" value="/var/folders/5w/fcc0xhgn2qs9w4699vxqgncm0000gn/T/"/>
    <property name="java.version" value="17.0.4.1"/>
    <property name="user.dir" value="/Users/zentoo/Code/srm-api"/>
    <property name="os.arch" value="aarch64"/>
    <property name="java.vm.specification.name" value="Java Virtual Machine Specification"/>
    <property name="native.encoding" value="UTF-8"/>
    <property name="java.library.path" value="/Users/zentoo/Library/Java/Extensions:/Library/Java/Extensions:/Network/Library/Java/Extensions:/System/Library/Java/Extensions:/usr/lib/java:."/>
    <property name="java.vm.info" value="mixed mode"/>
    <property name="java.vendor" value="Eclipse Adoptium"/>
    <property name="java.vm.version" value="17.0.4.1+1"/>
    <property name="sun.io.unicode.encoding" value="UnicodeBig"/>
    <property name="socksNonProxyHosts" value="local|*.local|169.254/16|*.169.254/16"/>
    <property name="java.class.version" value="61.0"/>
  </properties>
  <testcase name="handleException_notFound" classname="com.scholastic.srmapi.controller.advice.ExceptionHandlerAdviceTest" time="0"/>
  <testcase name="handleInternalException_serverException" classname="com.scholastic.srmapi.controller.advice.ExceptionHandlerAdviceTest" time="0"/>
  <testcase name="handleUnauthorizedException_unauthorized" classname="com.scholastic.srmapi.controller.advice.ExceptionHandlerAdviceTest" time="0"/>
  <testcase name="handleJwtException_badSession" classname="com.scholastic.srmapi.controller.advice.ExceptionHandlerAdviceTest" time="0"/>
</testsuite>